[2025-06-20T14:31:47.565+0000] {taskinstance.py:1125} INFO - Dependencies all met for dep_context=non-requeueable deps ti=<TaskInstance: wikipedia_flow.extract_data_from_wiki manual__2025-06-20T14:31:40.133686+00:00 [queued]>
[2025-06-20T14:31:47.578+0000] {taskinstance.py:1125} INFO - Dependencies all met for dep_context=requeueable deps ti=<TaskInstance: wikipedia_flow.extract_data_from_wiki manual__2025-06-20T14:31:40.133686+00:00 [queued]>
[2025-06-20T14:31:47.579+0000] {taskinstance.py:1331} INFO - Starting attempt 1 of 1
[2025-06-20T14:31:47.597+0000] {taskinstance.py:1350} INFO - Executing <Task(PythonOperator): extract_data_from_wiki> on 2025-06-20 14:31:40.133686+00:00
[2025-06-20T14:31:47.604+0000] {standard_task_runner.py:57} INFO - Started process 25 to run task
[2025-06-20T14:31:47.613+0000] {standard_task_runner.py:84} INFO - Running: ['***', 'tasks', 'run', 'wikipedia_flow', 'extract_data_from_wiki', 'manual__2025-06-20T14:31:40.133686+00:00', '--job-id', '2', '--raw', '--subdir', 'DAGS_FOLDER/wikipedia_flow.py', '--cfg-path', '/tmp/tmpwgbtzivj']
[2025-06-20T14:31:47.617+0000] {standard_task_runner.py:85} INFO - Job 2: Subtask extract_data_from_wiki
[2025-06-20T14:31:47.730+0000] {task_command.py:410} INFO - Running <TaskInstance: wikipedia_flow.extract_data_from_wiki manual__2025-06-20T14:31:40.133686+00:00 [running]> on host bf870bd52d42
[2025-06-20T14:31:47.937+0000] {taskinstance.py:1568} INFO - Exporting env vars: AIRFLOW_CTX_DAG_OWNER='Rahul' AIRFLOW_CTX_DAG_ID='wikipedia_flow' AIRFLOW_CTX_TASK_ID='extract_data_from_wiki' AIRFLOW_CTX_EXECUTION_DATE='2025-06-20T14:31:40.133686+00:00' AIRFLOW_CTX_TRY_NUMBER='1' AIRFLOW_CTX_DAG_RUN_ID='manual__2025-06-20T14:31:40.133686+00:00'
[2025-06-20T14:31:47.939+0000] {wikipedia_pipeline.py:30} INFO - extracting wikipedia data from https://en.wikipedia.org/wiki/List_of_association_football_stadiums_by_capacity
[2025-06-20T14:31:47.940+0000] {logging_mixin.py:149} INFO - getting wiikipedia URl https://en.wikipedia.org/wiki/List_of_association_football_stadiums_by_capacity
[2025-06-20T14:31:50.445+0000] {taskinstance.py:1847} ERROR - Task failed with exception
Traceback (most recent call last):
  File "/home/airflow/.local/lib/python3.9/site-packages/airflow/operators/python.py", line 181, in execute
    return_value = self.execute_callable()
  File "/home/airflow/.local/lib/python3.9/site-packages/airflow/operators/python.py", line 198, in execute_callable
    return self.python_callable(*self.op_args, **self.op_kwargs)
  File "/opt/airflow/pipelines/wikipedia_pipeline.py", line 35, in extract_wikipedia_data
    table_rows = get_wikipedia_data(html)
  File "/opt/airflow/pipelines/wikipedia_pipeline.py", line 22, in get_wikipedia_data
    table = soup.find_all("table",{"class":"wikitable sortable"})[0]
IndexError: list index out of range
[2025-06-20T14:31:50.468+0000] {taskinstance.py:1368} INFO - Marking task as FAILED. dag_id=wikipedia_flow, task_id=extract_data_from_wiki, execution_date=20250620T143140, start_date=20250620T143147, end_date=20250620T143150
[2025-06-20T14:31:50.483+0000] {standard_task_runner.py:104} ERROR - Failed to execute job 2 for task extract_data_from_wiki (list index out of range; 25)
[2025-06-20T14:31:50.525+0000] {local_task_job_runner.py:232} INFO - Task exited with return code 1
[2025-06-20T14:31:50.551+0000] {taskinstance.py:2674} INFO - 0 downstream tasks scheduled from follow-on schedule check
