[2025-06-20T14:37:49.719+0000] {taskinstance.py:1125} INFO - Dependencies all met for dep_context=non-requeueable deps ti=<TaskInstance: wikipedia_flow.extract_data_from_wiki manual__2025-06-20T14:37:45.997896+00:00 [queued]>
[2025-06-20T14:37:49.728+0000] {taskinstance.py:1125} INFO - Dependencies all met for dep_context=requeueable deps ti=<TaskInstance: wikipedia_flow.extract_data_from_wiki manual__2025-06-20T14:37:45.997896+00:00 [queued]>
[2025-06-20T14:37:49.728+0000] {taskinstance.py:1331} INFO - Starting attempt 1 of 1
[2025-06-20T14:37:49.738+0000] {taskinstance.py:1350} INFO - Executing <Task(PythonOperator): extract_data_from_wiki> on 2025-06-20 14:37:45.997896+00:00
[2025-06-20T14:37:49.741+0000] {standard_task_runner.py:57} INFO - Started process 39 to run task
[2025-06-20T14:37:49.745+0000] {standard_task_runner.py:84} INFO - Running: ['***', 'tasks', 'run', 'wikipedia_flow', 'extract_data_from_wiki', 'manual__2025-06-20T14:37:45.997896+00:00', '--job-id', '3', '--raw', '--subdir', 'DAGS_FOLDER/wikipedia_flow.py', '--cfg-path', '/tmp/tmps12ed1ju']
[2025-06-20T14:37:49.746+0000] {standard_task_runner.py:85} INFO - Job 3: Subtask extract_data_from_wiki
[2025-06-20T14:37:49.814+0000] {task_command.py:410} INFO - Running <TaskInstance: wikipedia_flow.extract_data_from_wiki manual__2025-06-20T14:37:45.997896+00:00 [running]> on host bf870bd52d42
[2025-06-20T14:37:49.918+0000] {taskinstance.py:1568} INFO - Exporting env vars: AIRFLOW_CTX_DAG_OWNER='Rahul' AIRFLOW_CTX_DAG_ID='wikipedia_flow' AIRFLOW_CTX_TASK_ID='extract_data_from_wiki' AIRFLOW_CTX_EXECUTION_DATE='2025-06-20T14:37:45.997896+00:00' AIRFLOW_CTX_TRY_NUMBER='1' AIRFLOW_CTX_DAG_RUN_ID='manual__2025-06-20T14:37:45.997896+00:00'
[2025-06-20T14:37:49.919+0000] {wikipedia_pipeline.py:30} INFO - extracting wikipedia data from https://en.wikipedia.org/wiki/List_of_association_football_stadiums_by_capacity
[2025-06-20T14:37:49.920+0000] {logging_mixin.py:149} INFO - getting wiikipedia URl https://en.wikipedia.org/wiki/List_of_association_football_stadiums_by_capacity
[2025-06-20T14:37:50.897+0000] {taskinstance.py:1847} ERROR - Task failed with exception
Traceback (most recent call last):
  File "/home/airflow/.local/lib/python3.9/site-packages/airflow/operators/python.py", line 181, in execute
    return_value = self.execute_callable()
  File "/home/airflow/.local/lib/python3.9/site-packages/airflow/operators/python.py", line 198, in execute_callable
    return self.python_callable(*self.op_args, **self.op_kwargs)
  File "/opt/airflow/pipelines/wikipedia_pipeline.py", line 35, in extract_wikipedia_data
    table_rows = get_wikipedia_data(html)
  File "/opt/airflow/pipelines/wikipedia_pipeline.py", line 22, in get_wikipedia_data
    table = soup.find_all("table",{"class":"wikitable sortable sticky-header jquery-tablesorter"})[0]
IndexError: list index out of range
[2025-06-20T14:37:50.917+0000] {taskinstance.py:1368} INFO - Marking task as FAILED. dag_id=wikipedia_flow, task_id=extract_data_from_wiki, execution_date=20250620T143745, start_date=20250620T143749, end_date=20250620T143750
[2025-06-20T14:37:50.930+0000] {standard_task_runner.py:104} ERROR - Failed to execute job 3 for task extract_data_from_wiki (list index out of range; 39)
[2025-06-20T14:37:50.962+0000] {local_task_job_runner.py:232} INFO - Task exited with return code 1
[2025-06-20T14:37:50.979+0000] {taskinstance.py:2674} INFO - 0 downstream tasks scheduled from follow-on schedule check
